[2026-02-12T02:48:56.111+0000] {taskinstance.py:1979} INFO - Dependencies all met for dep_context=non-requeueable deps ti=<TaskInstance: glucose_pipeline.data_quality manual__2026-02-12T02:41:29.956224+00:00 [queued]>
[2026-02-12T02:48:56.122+0000] {taskinstance.py:1979} INFO - Dependencies all met for dep_context=requeueable deps ti=<TaskInstance: glucose_pipeline.data_quality manual__2026-02-12T02:41:29.956224+00:00 [queued]>
[2026-02-12T02:48:56.122+0000] {taskinstance.py:2193} INFO - Starting attempt 1 of 1
[2026-02-12T02:48:56.148+0000] {taskinstance.py:2217} INFO - Executing <Task(BashOperator): data_quality> on 2026-02-12 02:41:29.956224+00:00
[2026-02-12T02:48:56.153+0000] {standard_task_runner.py:60} INFO - Started process 128 to run task
[2026-02-12T02:48:56.157+0000] {standard_task_runner.py:87} INFO - Running: ['airflow', 'tasks', 'run', 'glucose_pipeline', 'data_quality', 'manual__2026-02-12T02:41:29.956224+00:00', '--job-id', '4', '--raw', '--subdir', 'DAGS_FOLDER/pipeline_dag.py', '--cfg-path', '/tmp/tmp2hjchhxq']
[2026-02-12T02:48:56.159+0000] {standard_task_runner.py:88} INFO - Job 4: Subtask data_quality
[2026-02-12T02:48:56.247+0000] {task_command.py:423} INFO - Running <TaskInstance: glucose_pipeline.data_quality manual__2026-02-12T02:41:29.956224+00:00 [running]> on host 0cd73eebbd07
[2026-02-12T02:48:56.433+0000] {taskinstance.py:2513} INFO - Exporting env vars: AIRFLOW_CTX_DAG_OWNER='airflow' AIRFLOW_CTX_DAG_ID='glucose_pipeline' AIRFLOW_CTX_TASK_ID='data_quality' AIRFLOW_CTX_EXECUTION_DATE='2026-02-12T02:41:29.956224+00:00' AIRFLOW_CTX_TRY_NUMBER='1' AIRFLOW_CTX_DAG_RUN_ID='manual__2026-02-12T02:41:29.956224+00:00'
[2026-02-12T02:48:56.434+0000] {subprocess.py:63} INFO - Tmp dir root location: /tmp
[2026-02-12T02:48:56.435+0000] {subprocess.py:75} INFO - Running command: ['/usr/bin/bash', '-c', 'cd /project && python warehouse/data_quality.py']
[2026-02-12T02:48:56.444+0000] {subprocess.py:86} INFO - Output:
[2026-02-12T02:48:56.472+0000] {subprocess.py:93} INFO - python: can't open file '/project/warehouse/data_quality.py': [Errno 2] No such file or directory
[2026-02-12T02:48:56.475+0000] {subprocess.py:97} INFO - Command exited with return code 2
[2026-02-12T02:48:56.488+0000] {taskinstance.py:2731} ERROR - Task failed with exception
Traceback (most recent call last):
  File "/home/airflow/.local/lib/python3.10/site-packages/airflow/models/taskinstance.py", line 444, in _execute_task
    result = _execute_callable(context=context, **execute_callable_kwargs)
  File "/home/airflow/.local/lib/python3.10/site-packages/airflow/models/taskinstance.py", line 414, in _execute_callable
    return execute_callable(context=context, **execute_callable_kwargs)
  File "/home/airflow/.local/lib/python3.10/site-packages/airflow/operators/bash.py", line 212, in execute
    raise AirflowException(
airflow.exceptions.AirflowException: Bash command failed. The command returned a non-zero exit code 2.
[2026-02-12T02:48:56.491+0000] {taskinstance.py:1149} INFO - Marking task as FAILED. dag_id=glucose_pipeline, task_id=data_quality, execution_date=20260212T024129, start_date=20260212T024856, end_date=20260212T024856
[2026-02-12T02:48:56.523+0000] {standard_task_runner.py:107} ERROR - Failed to execute job 4 for task data_quality (Bash command failed. The command returned a non-zero exit code 2.; 128)
[2026-02-12T02:48:56.538+0000] {local_task_job_runner.py:234} INFO - Task exited with return code 1
[2026-02-12T02:48:56.563+0000] {taskinstance.py:3312} INFO - 0 downstream tasks scheduled from follow-on schedule check
